{"C:\\Users\\braya\\OneDrive\\Escritorio\\react\\backend\\src\\models\\UsuariosModels.js": {"path":"C:\\Users\\braya\\OneDrive\\Escritorio\\react\\backend\\src\\models\\UsuariosModels.js","statementMap":{"0":{"start":{"line":1,"column":17},"end":{"line":1,"column":36}},"1":{"start":{"line":2,"column":15},"end":{"line":2,"column":30}},"2":{"start":{"line":4,"column":23},"end":{"line":11,"column":2}},"3":{"start":{"line":13,"column":0},"end":{"line":13,"column":71}}},"fnMap":{},"branchMap":{},"s":{"0":1,"1":1,"2":1,"3":1},"f":{},"b":{},"_coverageSchema":"1a1c01bbd47fc00a2c39e90264f33305004495a9","hash":"f27b40eebffda805f63e355cfe51b21540f5caf6"}
,"C:\\Users\\braya\\OneDrive\\Escritorio\\react\\backend\\src\\repository\\UserRepository.js": {"path":"C:\\Users\\braya\\OneDrive\\Escritorio\\react\\backend\\src\\repository\\UserRepository.js","statementMap":{"0":{"start":{"line":1,"column":21},"end":{"line":1,"column":49}},"1":{"start":{"line":2,"column":18},"end":{"line":2,"column":53}},"2":{"start":{"line":4,"column":0},"end":{"line":22,"column":2}},"3":{"start":{"line":5,"column":2},"end":{"line":21,"column":5}},"4":{"start":{"line":6,"column":4},"end":{"line":20,"column":9}},"5":{"start":{"line":9,"column":8},"end":{"line":9,"column":30}},"6":{"start":{"line":10,"column":8},"end":{"line":10,"column":67}},"7":{"start":{"line":11,"column":8},"end":{"line":11,"column":31}},"8":{"start":{"line":12,"column":8},"end":{"line":12,"column":26}},"9":{"start":{"line":15,"column":8},"end":{"line":15,"column":35}},"10":{"start":{"line":16,"column":8},"end":{"line":16,"column":30}},"11":{"start":{"line":17,"column":8},"end":{"line":17,"column":61}},"12":{"start":{"line":18,"column":8},"end":{"line":18,"column":30}},"13":{"start":{"line":19,"column":8},"end":{"line":19,"column":25}},"14":{"start":{"line":24,"column":0},"end":{"line":42,"column":2}},"15":{"start":{"line":25,"column":2},"end":{"line":41,"column":5}},"16":{"start":{"line":26,"column":4},"end":{"line":40,"column":9}},"17":{"start":{"line":29,"column":8},"end":{"line":29,"column":30}},"18":{"start":{"line":30,"column":8},"end":{"line":30,"column":51}},"19":{"start":{"line":31,"column":8},"end":{"line":31,"column":31}},"20":{"start":{"line":32,"column":8},"end":{"line":32,"column":26}},"21":{"start":{"line":35,"column":8},"end":{"line":35,"column":35}},"22":{"start":{"line":36,"column":8},"end":{"line":36,"column":30}},"23":{"start":{"line":37,"column":8},"end":{"line":37,"column":61}},"24":{"start":{"line":38,"column":8},"end":{"line":38,"column":30}},"25":{"start":{"line":39,"column":8},"end":{"line":39,"column":25}},"26":{"start":{"line":44,"column":0},"end":{"line":61,"column":2}},"27":{"start":{"line":45,"column":2},"end":{"line":60,"column":5}},"28":{"start":{"line":46,"column":4},"end":{"line":59,"column":9}},"29":{"start":{"line":48,"column":8},"end":{"line":48,"column":30}},"30":{"start":{"line":49,"column":8},"end":{"line":49,"column":51}},"31":{"start":{"line":50,"column":8},"end":{"line":50,"column":31}},"32":{"start":{"line":51,"column":8},"end":{"line":51,"column":26}},"33":{"start":{"line":54,"column":8},"end":{"line":54,"column":35}},"34":{"start":{"line":55,"column":8},"end":{"line":55,"column":30}},"35":{"start":{"line":56,"column":8},"end":{"line":56,"column":61}},"36":{"start":{"line":57,"column":8},"end":{"line":57,"column":30}},"37":{"start":{"line":58,"column":8},"end":{"line":58,"column":25}},"38":{"start":{"line":63,"column":0},"end":{"line":80,"column":2}},"39":{"start":{"line":64,"column":2},"end":{"line":79,"column":5}},"40":{"start":{"line":65,"column":4},"end":{"line":78,"column":9}},"41":{"start":{"line":67,"column":8},"end":{"line":67,"column":30}},"42":{"start":{"line":68,"column":8},"end":{"line":68,"column":51}},"43":{"start":{"line":69,"column":8},"end":{"line":69,"column":31}},"44":{"start":{"line":70,"column":8},"end":{"line":70,"column":26}},"45":{"start":{"line":73,"column":8},"end":{"line":73,"column":35}},"46":{"start":{"line":74,"column":8},"end":{"line":74,"column":30}},"47":{"start":{"line":75,"column":8},"end":{"line":75,"column":61}},"48":{"start":{"line":76,"column":8},"end":{"line":76,"column":30}},"49":{"start":{"line":77,"column":8},"end":{"line":77,"column":25}},"50":{"start":{"line":82,"column":0},"end":{"line":99,"column":2}},"51":{"start":{"line":83,"column":2},"end":{"line":98,"column":5}},"52":{"start":{"line":84,"column":4},"end":{"line":97,"column":9}},"53":{"start":{"line":86,"column":8},"end":{"line":86,"column":30}},"54":{"start":{"line":87,"column":8},"end":{"line":87,"column":62}},"55":{"start":{"line":88,"column":8},"end":{"line":88,"column":31}},"56":{"start":{"line":89,"column":8},"end":{"line":89,"column":26}},"57":{"start":{"line":92,"column":8},"end":{"line":92,"column":35}},"58":{"start":{"line":93,"column":8},"end":{"line":93,"column":30}},"59":{"start":{"line":94,"column":8},"end":{"line":94,"column":61}},"60":{"start":{"line":95,"column":8},"end":{"line":95,"column":30}},"61":{"start":{"line":96,"column":8},"end":{"line":96,"column":25}},"62":{"start":{"line":101,"column":0},"end":{"line":127,"column":2}},"63":{"start":{"line":102,"column":2},"end":{"line":126,"column":5}},"64":{"start":{"line":103,"column":4},"end":{"line":125,"column":9}},"65":{"start":{"line":114,"column":8},"end":{"line":114,"column":30}},"66":{"start":{"line":115,"column":8},"end":{"line":115,"column":64}},"67":{"start":{"line":116,"column":8},"end":{"line":116,"column":31}},"68":{"start":{"line":117,"column":8},"end":{"line":117,"column":26}},"69":{"start":{"line":120,"column":8},"end":{"line":120,"column":35}},"70":{"start":{"line":121,"column":8},"end":{"line":121,"column":30}},"71":{"start":{"line":122,"column":8},"end":{"line":122,"column":61}},"72":{"start":{"line":123,"column":8},"end":{"line":123,"column":30}},"73":{"start":{"line":124,"column":8},"end":{"line":124,"column":25}}},"fnMap":{"0":{"name":"(anonymous_0)","decl":{"start":{"line":4,"column":28},"end":{"line":4,"column":29}},"loc":{"start":{"line":4,"column":44},"end":{"line":22,"column":1}},"line":4},"1":{"name":"(anonymous_1)","decl":{"start":{"line":5,"column":21},"end":{"line":5,"column":22}},"loc":{"start":{"line":5,"column":42},"end":{"line":21,"column":3}},"line":5},"2":{"name":"(anonymous_2)","decl":{"start":{"line":8,"column":12},"end":{"line":8,"column":13}},"loc":{"start":{"line":8,"column":22},"end":{"line":13,"column":7}},"line":8},"3":{"name":"(anonymous_3)","decl":{"start":{"line":14,"column":13},"end":{"line":14,"column":14}},"loc":{"start":{"line":14,"column":22},"end":{"line":20,"column":7}},"line":14},"4":{"name":"(anonymous_4)","decl":{"start":{"line":24,"column":29},"end":{"line":24,"column":30}},"loc":{"start":{"line":24,"column":45},"end":{"line":42,"column":1}},"line":24},"5":{"name":"(anonymous_5)","decl":{"start":{"line":25,"column":21},"end":{"line":25,"column":22}},"loc":{"start":{"line":25,"column":42},"end":{"line":41,"column":3}},"line":25},"6":{"name":"(anonymous_6)","decl":{"start":{"line":28,"column":12},"end":{"line":28,"column":13}},"loc":{"start":{"line":28,"column":22},"end":{"line":33,"column":7}},"line":28},"7":{"name":"(anonymous_7)","decl":{"start":{"line":34,"column":13},"end":{"line":34,"column":14}},"loc":{"start":{"line":34,"column":22},"end":{"line":40,"column":7}},"line":34},"8":{"name":"(anonymous_8)","decl":{"start":{"line":44,"column":29},"end":{"line":44,"column":30}},"loc":{"start":{"line":44,"column":46},"end":{"line":61,"column":1}},"line":44},"9":{"name":"(anonymous_9)","decl":{"start":{"line":45,"column":21},"end":{"line":45,"column":22}},"loc":{"start":{"line":45,"column":42},"end":{"line":60,"column":3}},"line":45},"10":{"name":"(anonymous_10)","decl":{"start":{"line":47,"column":12},"end":{"line":47,"column":13}},"loc":{"start":{"line":47,"column":22},"end":{"line":52,"column":7}},"line":47},"11":{"name":"(anonymous_11)","decl":{"start":{"line":53,"column":13},"end":{"line":53,"column":14}},"loc":{"start":{"line":53,"column":22},"end":{"line":59,"column":7}},"line":53},"12":{"name":"(anonymous_12)","decl":{"start":{"line":63,"column":33},"end":{"line":63,"column":34}},"loc":{"start":{"line":63,"column":52},"end":{"line":80,"column":1}},"line":63},"13":{"name":"(anonymous_13)","decl":{"start":{"line":64,"column":21},"end":{"line":64,"column":22}},"loc":{"start":{"line":64,"column":42},"end":{"line":79,"column":3}},"line":64},"14":{"name":"(anonymous_14)","decl":{"start":{"line":66,"column":12},"end":{"line":66,"column":13}},"loc":{"start":{"line":66,"column":22},"end":{"line":71,"column":7}},"line":66},"15":{"name":"(anonymous_15)","decl":{"start":{"line":72,"column":13},"end":{"line":72,"column":14}},"loc":{"start":{"line":72,"column":22},"end":{"line":78,"column":7}},"line":72},"16":{"name":"(anonymous_16)","decl":{"start":{"line":82,"column":28},"end":{"line":82,"column":29}},"loc":{"start":{"line":82,"column":47},"end":{"line":99,"column":1}},"line":82},"17":{"name":"(anonymous_17)","decl":{"start":{"line":83,"column":21},"end":{"line":83,"column":22}},"loc":{"start":{"line":83,"column":42},"end":{"line":98,"column":3}},"line":83},"18":{"name":"(anonymous_18)","decl":{"start":{"line":85,"column":12},"end":{"line":85,"column":13}},"loc":{"start":{"line":85,"column":22},"end":{"line":90,"column":7}},"line":85},"19":{"name":"(anonymous_19)","decl":{"start":{"line":91,"column":13},"end":{"line":91,"column":14}},"loc":{"start":{"line":91,"column":22},"end":{"line":97,"column":7}},"line":91},"20":{"name":"(anonymous_20)","decl":{"start":{"line":101,"column":28},"end":{"line":101,"column":29}},"loc":{"start":{"line":101,"column":53},"end":{"line":127,"column":1}},"line":101},"21":{"name":"(anonymous_21)","decl":{"start":{"line":102,"column":21},"end":{"line":102,"column":22}},"loc":{"start":{"line":102,"column":42},"end":{"line":126,"column":3}},"line":102},"22":{"name":"(anonymous_22)","decl":{"start":{"line":113,"column":12},"end":{"line":113,"column":13}},"loc":{"start":{"line":113,"column":22},"end":{"line":118,"column":7}},"line":113},"23":{"name":"(anonymous_23)","decl":{"start":{"line":119,"column":13},"end":{"line":119,"column":14}},"loc":{"start":{"line":119,"column":22},"end":{"line":125,"column":7}},"line":119}},"branchMap":{},"s":{"0":1,"1":1,"2":1,"3":0,"4":0,"5":0,"6":0,"7":0,"8":0,"9":0,"10":0,"11":0,"12":0,"13":0,"14":1,"15":0,"16":0,"17":0,"18":0,"19":0,"20":0,"21":0,"22":0,"23":0,"24":0,"25":0,"26":1,"27":0,"28":0,"29":0,"30":0,"31":0,"32":0,"33":0,"34":0,"35":0,"36":0,"37":0,"38":1,"39":0,"40":0,"41":0,"42":0,"43":0,"44":0,"45":0,"46":0,"47":0,"48":0,"49":0,"50":1,"51":0,"52":0,"53":0,"54":0,"55":0,"56":0,"57":0,"58":0,"59":0,"60":0,"61":0,"62":1,"63":0,"64":0,"65":0,"66":0,"67":0,"68":0,"69":0,"70":0,"71":0,"72":0,"73":0},"f":{"0":0,"1":0,"2":0,"3":0,"4":0,"5":0,"6":0,"7":0,"8":0,"9":0,"10":0,"11":0,"12":0,"13":0,"14":0,"15":0,"16":0,"17":0,"18":0,"19":0,"20":0,"21":0,"22":0,"23":0},"b":{},"_coverageSchema":"1a1c01bbd47fc00a2c39e90264f33305004495a9","hash":"d5910bc4c20f77e061076331ec07b210754f2611"}
,"C:\\Users\\braya\\OneDrive\\Escritorio\\react\\backend\\src\\utils\\Response.js": {"path":"C:\\Users\\braya\\OneDrive\\Escritorio\\react\\backend\\src\\utils\\Response.js","statementMap":{"0":{"start":{"line":1,"column":0},"end":{"line":5,"column":2}}},"fnMap":{},"branchMap":{},"s":{"0":1},"f":{},"b":{},"_coverageSchema":"1a1c01bbd47fc00a2c39e90264f33305004495a9","hash":"ae80a53d4467d99c7126f96d4c2c560ae8e7f35f"}
}
